[    0.000000] Initializing cgroup subsys cpuset
[    0.000000] Initializing cgroup subsys cpu
[    0.000000] Initializing cgroup subsys cpuacct
[    0.000000] Linux version 4.4.0-170-generic (buildd@lcy01-amd64-019) (gcc version 5.4.0 20160609 (Ubuntu 5.4.0-6ubuntu1~16.04.12) ) #199-Ubuntu SMP Thu Nov 14 01:45:04 UTC 2019 (Ubuntu 4.4.0-170.199-generic 4.4.200)
[    0.000000] Command line: BOOT_IMAGE=/boot/vmlinuz-4.4.0-170-generic root=LABEL=cloudimg-rootfs ro console=tty1 console=ttyS0
[    0.000000] KERNEL supported cpus:
[    0.000000]   Intel GenuineIntel
[    0.000000]   AMD AuthenticAMD
[    0.000000]   Centaur CentaurHauls
[    0.000000] x86/fpu: xstate_offset[2]:  576, xstate_sizes[2]:  256
[    0.000000] x86/fpu: Supporting XSAVE feature 0x01: 'x87 floating point registers'
[    0.000000] x86/fpu: Supporting XSAVE feature 0x02: 'SSE registers'
[    0.000000] x86/fpu: Supporting XSAVE feature 0x04: 'AVX registers'
[    0.000000] x86/fpu: Enabled xstate features 0x7, context size is 832 bytes, using 'standard' format.
[    0.000000] e820: BIOS-provided physical RAM map:
[    0.000000] BIOS-e820: [mem 0x0000000000000000-0x000000000009fbff] usable
[    0.000000] BIOS-e820: [mem 0x000000000009fc00-0x000000000009ffff] reserved
[    0.000000] BIOS-e820: [mem 0x00000000000f0000-0x00000000000fffff] reserved
[    0.000000] BIOS-e820: [mem 0x0000000000100000-0x000000003ffeffff] usable
[    0.000000] BIOS-e820: [mem 0x000000003fff0000-0x000000003fffffff] ACPI data
[    0.000000] BIOS-e820: [mem 0x00000000fec00000-0x00000000fec00fff] reserved
[    0.000000] BIOS-e820: [mem 0x00000000fee00000-0x00000000fee00fff] reserved
[    0.000000] BIOS-e820: [mem 0x00000000fffc0000-0x00000000ffffffff] reserved
[    0.000000] NX (Execute Disable) protection: active
[    0.000000] SMBIOS 2.5 present.
[    0.000000] Hypervisor detected: KVM
[    0.000000] e820: last_pfn = 0x3fff0 max_arch_pfn = 0x400000000
[    0.000000] MTRR: Disabled
[    0.000000] x86/PAT: MTRRs disabled, skipping PAT initialization too.
[    0.000000] CPU MTRRs all blank - virtualized system.
[    0.000000] x86/PAT: Configuration [0-7]: WB  WT  UC- UC  WB  WT  UC- UC  
[    0.000000] found SMP MP-table at [mem 0x0009fff0-0x0009ffff] mapped at [ffff88000009fff0]
[    0.000000] Scanning 1 areas for low memory corruption
[    0.000000] RAMDISK: [mem 0x362f8000-0x37173fff]
[    0.000000] ACPI: Early table checksum verification disabled
[    0.000000] ACPI: RSDP 0x00000000000E0000 000024 (v02 VBOX  )
[    0.000000] ACPI: XSDT 0x000000003FFF0030 00003C (v01 VBOX   VBOXXSDT 00000001 ASL  00000061)
[    0.000000] ACPI: FACP 0x000000003FFF00F0 0000F4 (v04 VBOX   VBOXFACP 00000001 ASL  00000061)
[    0.000000] ACPI: DSDT 0x000000003FFF0470 0022EA (v02 VBOX   VBOXBIOS 00000002 INTL 20100528)
[    0.000000] ACPI: FACS 0x000000003FFF0200 000040
[    0.000000] ACPI: FACS 0x000000003FFF0200 000040
[    0.000000] ACPI: APIC 0x000000003FFF0240 00005C (v02 VBOX   VBOXAPIC 00000001 ASL  00000061)
[    0.000000] ACPI: SSDT 0x000000003FFF02A0 0001CC (v01 VBOX   VBOXCPUT 00000002 INTL 20100528)
[    0.000000] No NUMA configuration found
[    0.000000] Faking a node at [mem 0x0000000000000000-0x000000003ffeffff]
[    0.000000] NODE_DATA(0) allocated [mem 0x3ffeb000-0x3ffeffff]
[    0.000000] kvm-clock: Using msrs 4b564d01 and 4b564d00
[    0.000000] kvm-clock: cpu 0, msr 0:3ffe3001, primary cpu clock
[    0.000000] kvm-clock: using sched offset of 5187640217 cycles
[    0.000000] clocksource: kvm-clock: mask: 0xffffffffffffffff max_cycles: 0x1cd42e4dffb, max_idle_ns: 881590591483 ns
[    0.000000] Zone ranges:
[    0.000000]   DMA      [mem 0x0000000000001000-0x0000000000ffffff]
[    0.000000]   DMA32    [mem 0x0000000001000000-0x000000003ffeffff]
[    0.000000]   Normal   empty
[    0.000000]   Device   empty
[    0.000000] Movable zone start for each node
[    0.000000] Early memory node ranges
[    0.000000]   node   0: [mem 0x0000000000001000-0x000000000009efff]
[    0.000000]   node   0: [mem 0x0000000000100000-0x000000003ffeffff]
[    0.000000] Initmem setup node 0 [mem 0x0000000000001000-0x000000003ffeffff]
[    0.000000] ACPI: PM-Timer IO Port: 0x4008
[    0.000000] IOAPIC[0]: apic_id 2, version 32, address 0xfec00000, GSI 0-23
[    0.000000] ACPI: INT_SRC_OVR (bus 0 bus_irq 0 global_irq 2 dfl dfl)
[    0.000000] ACPI: INT_SRC_OVR (bus 0 bus_irq 9 global_irq 9 low level)
[    0.000000] Using ACPI (MADT) for SMP configuration information
[    0.000000] smpboot: Allowing 2 CPUs, 0 hotplug CPUs
[    0.000000] PM: Registered nosave memory: [mem 0x00000000-0x00000fff]
[    0.000000] PM: Registered nosave memory: [mem 0x0009f000-0x0009ffff]
[    0.000000] PM: Registered nosave memory: [mem 0x000a0000-0x000effff]
[    0.000000] PM: Registered nosave memory: [mem 0x000f0000-0x000fffff]
[    0.000000] e820: [mem 0x40000000-0xfebfffff] available for PCI devices
[    0.000000] Booting paravirtualized kernel on KVM
[    0.000000] clocksource: refined-jiffies: mask: 0xffffffff max_cycles: 0xffffffff, max_idle_ns: 7645519600211568 ns
[    0.000000] setup_percpu: NR_CPUS:512 nr_cpumask_bits:512 nr_cpu_ids:2 nr_node_ids:1
[    0.000000] PERCPU: Embedded 33 pages/cpu @ffff88003fc00000 s95448 r8192 d31528 u1048576
[    0.000000] Built 1 zonelists in Node order, mobility grouping on.  Total pages: 257912
[    0.000000] Policy zone: DMA32
[    0.000000] Kernel command line: BOOT_IMAGE=/boot/vmlinuz-4.4.0-170-generic root=LABEL=cloudimg-rootfs ro console=tty1 console=ttyS0
[    0.000000] PID hash table entries: 4096 (order: 3, 32768 bytes)
[    0.000000] Memory: 997724K/1048120K available (8626K kernel code, 1336K rwdata, 4036K rodata, 1488K init, 1288K bss, 50396K reserved, 0K cma-reserved)
[    0.000000] SLUB: HWalign=64, Order=0-3, MinObjects=0, CPUs=2, Nodes=1
[    0.000000] Kernel/User page tables isolation: enabled
[    0.000000] Hierarchical RCU implementation.
[    0.000000] 	Build-time adjustment of leaf fanout to 64.
[    0.000000] 	RCU restricting CPUs from NR_CPUS=512 to nr_cpu_ids=2.
[    0.000000] RCU: Adjusting geometry for rcu_fanout_leaf=64, nr_cpu_ids=2
[    0.000000] NR_IRQS:33024 nr_irqs:440 16
[    0.000000] Console: colour VGA+ 80x25
[    0.000000] console [tty1] enabled
[    0.000000] console [ttyS0] enabled
[    0.000000] tsc: Detected 2399.998 MHz processor
[    0.817245] Calibrating delay loop (skipped) preset value.. 4799.99 BogoMIPS (lpj=9599992)
[    0.830921] pid_max: default: 32768 minimum: 301
[    0.837142] ACPI: Core revision 20150930
[    0.844746] ACPI: 2 ACPI AML tables successfully acquired and loaded
[    0.848629] Security Framework initialized
[    0.850089] Yama: becoming mindful.
[    0.851450] AppArmor: AppArmor initialized
[    0.853017] Dentry cache hash table entries: 131072 (order: 8, 1048576 bytes)
[    0.860107] Inode-cache hash table entries: 65536 (order: 7, 524288 bytes)
[    0.867192] Mount-cache hash table entries: 2048 (order: 2, 16384 bytes)
[    0.870934] Mountpoint-cache hash table entries: 2048 (order: 2, 16384 bytes)
[    0.875771] Initializing cgroup subsys io
[    0.883876] Initializing cgroup subsys memory
[    0.892441] Initializing cgroup subsys devices
[    0.899552] Initializing cgroup subsys freezer
[    0.901094] Initializing cgroup subsys net_cls
[    0.902693] Initializing cgroup subsys perf_event
[    0.904419] Initializing cgroup subsys net_prio
[    0.906883] Initializing cgroup subsys hugetlb
[    0.908730] Initializing cgroup subsys pids
[    0.911481] mce: CPU supports 0 MCE banks
[    0.918227] Last level iTLB entries: 4KB 1024, 2MB 1024, 4MB 1024
[    0.924555] Last level dTLB entries: 4KB 1024, 2MB 1024, 4MB 1024, 1GB 4
[    0.926648] Spectre V1 : Mitigation: usercopy/swapgs barriers and __user pointer sanitization
[    0.929576] Spectre V2 : Mitigation: Full generic retpoline
[    0.937537] Spectre V2 : Spectre v2 / SpectreRSB mitigation: Filling RSB on context switch
[    0.960351] Speculative Store Bypass: Vulnerable
[    0.980257] MDS: Mitigation: Clear CPU buffers
[    0.985104] Freeing SMP alternatives memory: 36K
[    0.993761] ftrace: allocating 32302 entries in 127 pages
[    1.108532] smpboot: APIC(0) Converting physical 0 to logical package 0
[    1.111536] smpboot: Max logical packages: 1
[    1.113732] x2apic enabled
[    1.117069] Switched APIC routing to physical x2apic.
[    1.121757] ..TIMER: vector=0x30 apic1=0 pin1=2 apic2=-1 pin2=-1
[    1.233354] smpboot: CPU0: Intel(R) Core(TM) i5-4258U CPU @ 2.40GHz (family: 0x6, model: 0x45, stepping: 0x1)
[    1.242720] Performance Events: unsupported p6 CPU model 69 no PMU driver, software events only.
[    1.273043] KVM setup paravirtual spinlock
[    1.278198] x86: Booting SMP configuration:
[    1.284277] .... node  #0, CPUs:      #1
[    1.291254] kvm-clock: cpu 1, msr 0:3ffe3041, secondary cpu clock
[    1.296732] mce: CPU supports 0 MCE banks
[    1.303138] x86: Booted up 1 node, 2 CPUs
[    1.305968] smpboot: Total of 2 processors activated (9599.99 BogoMIPS)
[    1.312770] devtmpfs: initialized
[    1.317591] evm: security.selinux
[    1.319542] evm: security.SMACK64
[    1.321155] evm: security.SMACK64EXEC
[    1.323128] evm: security.SMACK64TRANSMUTE
[    1.330796] evm: security.SMACK64MMAP
[    1.334776] evm: security.ima
[    1.336740] evm: security.capability
[    1.345555] clocksource: jiffies: mask: 0xffffffff max_cycles: 0xffffffff, max_idle_ns: 7645041785100000 ns
[    1.349975] futex hash table entries: 512 (order: 3, 32768 bytes)
[    1.359701] pinctrl core: initialized pinctrl subsystem
[    1.366402] RTC time: 14:01:54, date: 01/09/20
[    1.374104] NET: Registered protocol family 16
[    1.388216] cpuidle: using governor ladder
[    1.399863] cpuidle: using governor menu
[    1.401822] PCCT header not found.
[    1.403191] ACPI: bus type PCI registered
[    1.404791] acpiphp: ACPI Hot Plug PCI Controller Driver version: 0.5
[    1.407310] PCI: Using configuration type 1 for base access
[    1.420094] ACPI: Added _OSI(Module Device)
[    1.421995] ACPI: Added _OSI(Processor Device)
[    1.423679] ACPI: Added _OSI(3.0 _SCP Extensions)
[    1.426586] ACPI: Added _OSI(Processor Aggregator Device)
[    1.429588] ACPI: Executed 1 blocks of module-level executable AML code
[    1.435896] ACPI: Interpreter enabled
[    1.437498] ACPI: (supports S0 S5)
[    1.438763] ACPI: Using IOAPIC for interrupt routing
[    1.440899] PCI: Using host bridge windows from ACPI; if necessary, use "pci=nocrs" and report a bug
[    1.450674] ACPI: PCI Root Bridge [PCI0] (domain 0000 [bus 00-ff])
[    1.453469] acpi PNP0A03:00: _OSC: OS supports [ASPM ClockPM Segments MSI]
[    1.457764] acpi PNP0A03:00: _OSC: not requesting OS control; OS requires [ExtendedConfig ASPM ClockPM MSI]
[    1.462217] acpi PNP0A03:00: fail to add MMCONFIG information, can't access extended PCI configuration space under this bridge.
[    1.468662] PCI host bridge to bus 0000:00
[    1.472431] pci_bus 0000:00: root bus resource [io  0x0000-0x0cf7 window]
[    1.475295] pci_bus 0000:00: root bus resource [io  0x0d00-0xffff window]
[    1.477855] pci_bus 0000:00: root bus resource [mem 0x000a0000-0x000bffff window]
[    1.480897] pci_bus 0000:00: root bus resource [mem 0x40000000-0xfdffffff window]
[    1.484512] pci_bus 0000:00: root bus resource [bus 00-ff]
[    1.503800] pci 0000:00:01.1: legacy IDE quirk: reg 0x10: [io  0x01f0-0x01f7]
[    1.513475] pci 0000:00:01.1: legacy IDE quirk: reg 0x14: [io  0x03f6]
[    1.521438] pci 0000:00:01.1: legacy IDE quirk: reg 0x18: [io  0x0170-0x0177]
[    1.535399] pci 0000:00:01.1: legacy IDE quirk: reg 0x1c: [io  0x0376]
[    1.634675] pci 0000:00:07.0: quirk: [io  0x4000-0x403f] claimed by PIIX4 ACPI
[    1.638969] pci 0000:00:07.0: quirk: [io  0x4100-0x410f] claimed by PIIX4 SMB
[    1.662853] ACPI: PCI Interrupt Link [LNKA] (IRQs 5 9 10 *11)
[    1.666343] ACPI: PCI Interrupt Link [LNKB] (IRQs 5 9 *10 11)
[    1.669795] ACPI: PCI Interrupt Link [LNKC] (IRQs 5 *9 10 11)
[    1.673030] ACPI: PCI Interrupt Link [LNKD] (IRQs 5 9 10 *11)
[    1.676921] ACPI: Enabled 2 GPEs in block 00 to 07
[    1.679546] vgaarb: setting as boot device: PCI:0000:00:02.0
[    1.682369] vgaarb: device added: PCI:0000:00:02.0,decodes=io+mem,owns=io+mem,locks=none
[    1.686889] vgaarb: loaded
[    1.688479] vgaarb: bridge control possible 0000:00:02.0
[    1.691641] SCSI subsystem initialized
[    1.695077] ACPI: bus type USB registered
[    1.697576] usbcore: registered new interface driver usbfs
[    1.700250] usbcore: registered new interface driver hub
[    1.702549] usbcore: registered new device driver usb
[    1.707504] PCI: Using ACPI for IRQ routing
[    1.709673] NetLabel: Initializing
[    1.711307] NetLabel:  domain hash size = 128
[    1.713194] NetLabel:  protocols = UNLABELED CIPSOv4
[    1.715098] NetLabel:  unlabeled traffic allowed by default
[    1.717646] amd_nb: Cannot enumerate AMD northbridges
[    1.720541] clocksource: Switched to clocksource kvm-clock
[    1.735161] AppArmor: AppArmor Filesystem Enabled
[    1.737075] pnp: PnP ACPI init
[    1.739490] pnp: PnP ACPI: found 3 devices
[    1.747575] clocksource: acpi_pm: mask: 0xffffff max_cycles: 0xffffff, max_idle_ns: 2085701024 ns
[    1.751126] NET: Registered protocol family 2
[    1.753312] TCP established hash table entries: 8192 (order: 4, 65536 bytes)
[    1.756084] TCP bind hash table entries: 8192 (order: 5, 131072 bytes)
[    1.759527] TCP: Hash tables configured (established 8192 bind 8192)
[    1.762807] UDP hash table entries: 512 (order: 2, 16384 bytes)
[    1.766892] UDP-Lite hash table entries: 512 (order: 2, 16384 bytes)
[    1.771863] NET: Registered protocol family 1
[    1.776168] pci 0000:00:00.0: Limiting direct PCI/PCI transfers
[    1.779616] pci 0000:00:01.0: Activating ISA DMA hang workarounds
[    1.782425] Unpacking initramfs...
[    2.165258] Freeing initrd memory: 14832K
[    2.167485] RAPL PMU detected, API unit is 2^-32 Joules, 4 fixed counters 10737418240 ms ovfl timer
[    2.171235] hw unit of domain pp0-core 2^-0 Joules
[    2.173046] hw unit of domain package 2^-0 Joules
[    2.174481] hw unit of domain dram 2^-0 Joules
[    2.176583] hw unit of domain pp1-gpu 2^-0 Joules
[    2.178677] clocksource: tsc: mask: 0xffffffffffffffff max_cycles: 0x229835b7123, max_idle_ns: 440795242976 ns
[    2.182621] platform rtc_cmos: registered platform RTC device (no PNP device found)
[    2.185542] Scanning for low memory corruption every 60 seconds
[    2.188642] audit: initializing netlink subsys (disabled)
[    2.191066] audit: type=2000 audit(1578578520.912:1): initialized
[    2.193815] Initialise system trusted keyring
[    2.196333] HugeTLB registered 2 MB page size, pre-allocated 0 pages
[    2.200603] zbud: loaded
[    2.202437] VFS: Disk quotas dquot_6.6.0
[    2.204140] VFS: Dquot-cache hash table entries: 512 (order 0, 4096 bytes)
[    2.209187] squashfs: version 4.0 (2009/01/31) Phillip Lougher
[    2.212355] fuse init (API version 7.23)
[    2.215822] Key type big_key registered
[    2.217535] Allocating IMA MOK and blacklist keyrings.
[    2.225373] Key type asymmetric registered
[    2.226528] Asymmetric key parser 'x509' registered
[    2.228096] Block layer SCSI generic (bsg) driver version 0.4 loaded (major 249)
[    2.230794] io scheduler noop registered
[    2.232301] io scheduler deadline registered (default)
[    2.234300] io scheduler cfq registered
[    2.236037] pci_hotplug: PCI Hot Plug PCI Core version: 0.5
[    2.237851] pciehp: PCI Express Hot Plug Controller Driver version: 0.4
[    2.240158] ACPI: AC Adapter [AC] (off-line)
[    2.242173] input: Power Button as /devices/LNXSYSTM:00/LNXPWRBN:00/input/input0
[    2.244349] ACPI: Power Button [PWRF]
[    2.247396] input: Sleep Button as /devices/LNXSYSTM:00/LNXSLPBN:00/input/input1
[    2.250388] ACPI: Sleep Button [SLPF]
[    2.254612] ACPI: Battery Slot [BAT0] (battery present)
[    2.257095] GHES: HEST is not enabled!
[    2.258819] Serial: 8250/16550 driver, 32 ports, IRQ sharing enabled
[    2.293232] 00:02: ttyS0 at I/O 0x3f8 (irq = 4, base_baud = 115200) is a 16550A
[    2.304352] Linux agpgart interface v0.103
[    2.311114] loop: module loaded
[    2.315047] scsi host0: ata_piix
[    2.322874] scsi host1: ata_piix
[    2.325169] ata1: PATA max UDMA/33 cmd 0x1f0 ctl 0x3f6 bmdma 0xd000 irq 14
[    2.328157] ata2: PATA max UDMA/33 cmd 0x170 ctl 0x376 bmdma 0xd008 irq 15
[    2.332813] libphy: Fixed MDIO Bus: probed
[    2.335471] tun: Universal TUN/TAP device driver, 1.6
[    2.338891] tun: (C) 1999-2004 Max Krasnyansky <maxk@qualcomm.com>
[    2.342095] PPP generic driver version 2.4.2
[    2.344501] ehci_hcd: USB 2.0 'Enhanced' Host Controller (EHCI) Driver
[    2.348930] ehci-pci: EHCI PCI platform driver
[    2.350714] ehci-platform: EHCI generic platform driver
[    2.353721] ohci_hcd: USB 1.1 'Open' Host Controller (OHCI) Driver
[    2.359080] ohci-pci: OHCI PCI platform driver
[    2.362343] ohci-platform: OHCI generic platform driver
[    2.365597] uhci_hcd: USB Universal Host Controller Interface driver
[    2.369735] i8042: PNP: PS/2 Controller [PNP0303:PS2K,PNP0f03:PS2M] at 0x60,0x64 irq 1,12
[    2.375335] serio: i8042 KBD port at 0x60,0x64 irq 1
[    2.377622] serio: i8042 AUX port at 0x60,0x64 irq 12
[    2.380296] mousedev: PS/2 mouse device common for all mice
[    2.382813] input: AT Translated Set 2 keyboard as /devices/platform/i8042/serio0/input/input2
[    2.386909] rtc_cmos rtc_cmos: rtc core: registered rtc_cmos as rtc0
[    2.389184] rtc_cmos rtc_cmos: alarms up to one day, 114 bytes nvram
[    2.391685] i2c /dev entries driver
[    2.392898] device-mapper: uevent: version 1.0.3
[    2.394892] device-mapper: ioctl: 4.34.0-ioctl (2015-10-28) initialised: dm-devel@redhat.com
[    2.398500] ledtrig-cpu: registered to indicate activity on CPUs
[    2.401139] NET: Registered protocol family 10
[    2.402619] NET: Registered protocol family 17
[    2.404531] Key type dns_resolver registered
[    2.406860] registered taskstats version 1
[    2.408411] Loading compiled-in X.509 certificates
[    2.411208] Loaded X.509 cert 'Build time autogenerated kernel key: f0e56e97f406068ace47a9bf54316e9855aaaa43'
[    2.415387] zswap: loaded using pool lzo/zbud
[    2.420813] Key type trusted registered
[    2.427658] Key type encrypted registered
[    2.429093] AppArmor: AppArmor sha1 policy hashing enabled
[    2.431439] ima: No TPM chip found, activating TPM-bypass!
[    2.434074] ima: Allocated hash algorithm: sha1
[    2.435916] evm: HMAC attrs: 0x1
[    2.437911]   Magic number: 4:91:30
[    2.439356] rtc_cmos rtc_cmos: setting system clock to 2020-01-09 14:01:55 UTC (1578578515)
[    2.442253] BIOS EDD facility v0.16 2004-Jun-25, 0 devices found
[    2.443846] EDD information not available.
[    2.489781] Freeing unused kernel memory: 1488K
[    2.491539] Write protecting the kernel read-only data: 14336k
[    2.495322] Freeing unused kernel memory: 1604K
[    2.497846] Freeing unused kernel memory: 60K
Loading, please wait...
starting version 229
[    2.525913] random: udevadm: uninitialized urandom read (16 bytes read, 3 bits of entropy available)
[    2.526549] random: systemd-udevd: uninitialized urandom read (16 bytes read, 3 bits of entropy available)
[    2.526656] random: systemd-udevd: uninitialized urandom read (16 bytes read, 3 bits of entropy available)
[    2.526674] random: systemd-udevd: uninitialized urandom read (16 bytes read, 3 bits of entropy available)
[    2.526694] random: systemd-udevd: uninitialized urandom read (16 bytes read, 3 bits of entropy available)
[    2.545160] random: udevadm: uninitialized urandom read (16 bytes read, 3 bits of entropy available)
[    2.555220] random: systemd-udevd: uninitialized urandom read (16 bytes read, 3 bits of entropy available)
[    2.559703] random: udevadm: uninitialized urandom read (16 bytes read, 3 bits of entropy available)
[    2.559762] random: udevadm: uninitialized urandom read (16 bytes read, 3 bits of entropy available)
[    2.559972] random: udevadm: uninitialized urandom read (16 bytes read, 3 bits of entropy available)
[    2.645526] e1000: Intel(R) PRO/1000 Network Driver - version 7.3.21-k8-NAPI
[    2.649159] e1000: Copyright (c) 1999-2006 Intel Corporation.
[    2.661102] Fusion MPT base driver 3.04.20
[    2.662917] Copyright (c) 1999-2008 LSI Corporation
[    2.685751] Fusion MPT SPI Host driver 3.04.20
[    2.695769] AVX2 version of gcm_enc/dec engaged.
[    2.699700] AES CTR mode by8 optimization enabled
[    2.923740] input: ImExPS/2 Generic Explorer Mouse as /devices/platform/i8042/serio1/input/input4
[    3.336094] e1000 0000:00:03.0 eth0: (PCI:33MHz:32-bit) 02:bf:1c:77:ff:98
[    3.339088] e1000 0000:00:03.0 eth0: Intel(R) PRO/1000 Network Connection
[    4.218719] e1000 0000:00:08.0 eth1: (PCI:33MHz:32-bit) 08:00:27:e3:a4:b9
[    4.224122] e1000 0000:00:08.0 eth1: Intel(R) PRO/1000 Network Connection
[    4.239766] mptbase: ioc0: Initiating bringup
[    4.241858] e1000 0000:00:03.0 enp0s3: renamed from eth0
[    4.253281] e1000 0000:00:08.0 enp0s8: renamed from eth1
[    4.316191] ioc0: LSI53C1030 A0: Capabilities={Initiator}
[    5.167782] scsi host2: ioc0: LSI53C1030 A0, FwRev=00000000h, Ports=1, MaxQ=256, IRQ=20
[    5.685109] scsi 2:0:0:0: Direct-Access     VBOX     HARDDISK         1.0  PQ: 0 ANSI: 5
[    5.688202] scsi target2:0:0: Beginning Domain Validation
[    5.710702] scsi target2:0:0: Domain Validation skipping write tests
[    5.713426] scsi target2:0:0: Ending Domain Validation
[    5.716993] scsi target2:0:0: asynchronous
[    5.719323] scsi 2:0:1:0: Direct-Access     VBOX     HARDDISK         1.0  PQ: 0 ANSI: 5
[    5.722227] scsi target2:0:1: Beginning Domain Validation
[    5.728194] scsi target2:0:1: Domain Validation skipping write tests
[    5.731731] scsi target2:0:1: Ending Domain Validation
[    5.734058] scsi target2:0:1: asynchronous
[    5.748082] sd 2:0:0:0: Attached scsi generic sg0 type 0
[    5.749053] sd 2:0:0:0: [sda] 20971520 512-byte logical blocks: (10.7 GB/10.0 GiB)
[    5.749614] sd 2:0:0:0: [sda] Write Protect is off
[    5.750527] sd 2:0:0:0: [sda] Incomplete mode parameter data
[    5.750529] sd 2:0:0:0: [sda] Assuming drive cache: write through
[    5.754655]  sda: sda1
[    5.762073] sd 2:0:0:0: [sda] Attached SCSI disk
[    5.779106] sd 2:0:1:0: Attached scsi generic sg1 type 0
[    5.779760] sd 2:0:1:0: [sdb] 20480 512-byte logical blocks: (10.5 MB/10.0 MiB)
[    5.780097] sd 2:0:1:0: [sdb] Write Protect is off
[    5.780490] sd 2:0:1:0: [sdb] Incomplete mode parameter data
[    5.780492] sd 2:0:1:0: [sdb] Assuming drive cache: write through
[    5.784364] sd 2:0:1:0: [sdb] Attached SCSI disk
Begin: Loading essential drivers ... [    7.270301] md: linear personality registered for level -1
[    7.275243] md: multipath personality registered for level -4
[    7.282495] md: raid0 personality registered for level 0
[    7.291301] md: raid1 personality registered for level 1
[    7.364551] raid6: sse2x1   gen()  7557 MB/s
[    7.432708] raid6: sse2x1   xor()  3426 MB/s
[    7.500598] raid6: sse2x2   gen()  7591 MB/s
[    7.568611] raid6: sse2x2   xor()  4177 MB/s
[    7.636948] raid6: sse2x4   gen()  4182 MB/s
[    7.708948] raid6: sse2x4   xor()  3204 MB/s
[    7.781252] raid6: avx2x1   gen()  6233 MB/s
[    7.851670] raid6: avx2x2   gen()  2693 MB/s
[    7.926655] raid6: avx2x4   gen()  2117 MB/s
[    7.970564] raid6: using algorithm sse2x2 gen() 7591 MB/s
[    7.985498] raid6: .... xor() 4177 MB/s, rmw enabled
[    7.992454] raid6: using avx2x2 recovery algorithm
[    8.002936] xor: automatically using best checksumming function:
[    8.044709]    avx       : 10887.000 MB/sec
[    8.053145] async_tx: api initialized (async)
[    8.089241] md: raid6 personality registered for level 6
[    8.097802] md: raid5 personality registered for level 5
[    8.104669] md: raid4 personality registered for level 4
[    8.144239] md: raid10 personality registered for level 10
done.
Begin: Running /scripts/init-premount ... done.
Begin: Mounting root file system ... Begin: Running /scripts/local-top ... done.
Begin: Running /scripts/local-premount ... [    8.266385] Btrfs loaded
Scanning for Btrfs filesystems
done.
Warning: fsck not present, so skipping root file system
[    8.486172] EXT4-fs (sda1): mounted filesystem with ordered data mode. Opts: (null)
done.
Begin: Running /scripts/local-bottom ... done.
Begin: Running /scripts/init-bottom ... done.
[    8.758627] systemd[1]: systemd 229 running in system mode. (+PAM +AUDIT +SELINUX +IMA +APPARMOR +SMACK +SYSVINIT +UTMP +LIBCRYPTSETUP +GCRYPT +GNUTLS +ACL +XZ -LZ4 +SECCOMP +BLKID +ELFUTILS +KMOD -IDN)
[    8.768342] systemd[1]: Detected virtualization oracle.
[    8.770746] systemd[1]: Detected architecture x86-64.

Welcome to [1mUbuntu 16.04.6 LTS[0m!

[    8.804210] systemd[1]: Set hostname to <ubuntu>.
[    8.815054] systemd[1]: Initializing machine ID from random generator.
[    8.824940] systemd[1]: Installed transient /etc/machine-id file.
[    9.178755] systemd[1]: Started Forward Password Requests to Wall Directory Watch.
[[0;32m  OK  [0m] Started Forward Password Requests to Wall Directory Watch.
[    9.186274] systemd[1]: Created slice System Slice.
[[0;32m  OK  [0m] Created slice System Slice.
[    9.191761] systemd[1]: Set up automount Arbitrary Executable File Formats File System Automount Point.
[[0;32m  OK  [0m] Set up automount Arbitrary Executab...ats File System Automount Point.
[    9.200072] systemd[1]: Reached target User and Group Name Lookups.
[[0;32m  OK  [0m] Reached target User and Group Name Lookups.
[    9.206200] systemd[1]: Reached target System Time Synchronized.
[[0;32m  OK  [0m] Reached target System Time Synchronized.
[    9.210598] systemd[1]: Listening on Journal Audit Socket.
[[0;32m  OK  [0m] Listening on Journal Audit Socket.
[    9.216706] systemd[1]: Started Trigger resolvconf update for networkd DNS.
[[0;32m  OK  [0m] Started Trigger resolvconf update for networkd DNS.
[    9.222725] systemd[1]: Listening on LVM2 poll daemon socket.
[[0;32m  OK  [0m] Listening on LVM2 poll daemon socket.
[    9.235242] systemd[1]: Listening on LVM2 metadata daemon socket.
[[0;32m  OK  [0m] Listening on LVM2 metadata daemon socket.
[    9.239747] systemd[1]: Listening on udev Control Socket.
[[0;32m  OK  [0m] Listening on udev Control Socket.
[    9.245528] systemd[1]: Created slice User and Session Slice.
[[0;32m  OK  [0m] Created slice User and Session Slice.
[    9.250902] systemd[1]: Reached target Slices.
[[0;32m  OK  [0m] Reached target Slices.
[    9.256403] systemd[1]: Created slice system-serial\x2dgetty.slice.
[[0;32m  OK  [0m] Created slice system-serial\x2dgetty.slice.
[    9.262851] systemd[1]: Reached target Swap.
[[0;32m  OK  [0m] Reached target Swap.
[    9.267257] systemd[1]: Listening on /dev/initctl Compatibility Named Pipe.
[[0;32m  OK  [0m] Listening on /dev/initctl Compatibility Named Pipe.
[    9.274798] systemd[1]: Listening on udev Kernel Socket.
[[0;32m  OK  [0m] Listening on udev Kernel Socket.
[    9.387583] systemd[1]: Listening on Journal Socket.
[[0;32m  OK  [0m] Listening on Journal Socket.
[    9.404860] systemd[1]: Starting Load Kernel Modules...
         Starting Load Kernel Modules...
[    9.418922] systemd[1]: Starting Uncomplicated firewall...
         Starting Uncomplicated firewall...
[    9.426610] Loading iSCSI transport class v2.0-870.
[    9.430998] systemd[1]: Mounting Huge Pages File System...
         Mounting Huge Pages File System...
[    9.447410] iscsi: registered transport (tcp)
[    9.457130] systemd[1]: Starting Create list of required static device nodes for the current kernel...
         Starting Create list of required st... nodes for the current kernel...
[    9.470236] systemd[1]: Starting Set console keymap...
         Starting Set console keymap...
[    9.476303] systemd[1]: Listening on Device-mapper event daemon FIFOs.
[[0;32m  OK  [0m] Listening on Device-mapper event daemon FIFOs.
[    9.493908] systemd[1]: Starting Monitoring of LVM2 mirrors, snapshots etc. using dmeventd or progress polling...
         Starting Monitoring of LVM2 mirrors... dmeventd or progress polling...
[    9.505367] systemd[1]: Mounting Debug File System...
         Mounting Debug File System...
[    9.515035] systemd[1]: Listening on Journal Socket (/dev/log).
[[0;32m  OK  [0m] Listening on Journal Socket (/dev/log).
[    9.527548] systemd[1]: Mounting POSIX Message Queue File System...
         Mounting POSIX Message Queue File System...
[    9.541113] systemd[1]: Reached target Encrypted Volumes.
[[0;32m  OK  [0m] Reached target Encrypted Volumes.
[    9.554270] iscsi: registered transport (iser)
[    9.563282] systemd[1]: Starting Remount Root and Kernel File Systems...
         Starting Remount Root and Kernel File Systems...
[    9.578829] EXT4-fs (sda1): re-mounted. Opts: (null)
[    9.583369] systemd[1]: Starting Nameserver information manager...
         Starting Nameserver information manager...
[    9.607239] systemd[1]: Listening on Syslog Socket.
[[0;32m  OK  [0m] Listening on Syslog Socket.
[    9.633682] systemd[1]: Starting Journal Service...
         Starting Journal Service...
[    9.648240] systemd[1]: Mounted Huge Pages File System.
[[0;32m  OK  [0m] Mounted Huge Pages File System.
[    9.663982] systemd[1]: Mounted POSIX Message Queue File System.
[[0;32m  OK  [0m] Mounted POSIX Message Queue File System.
[    9.673151] systemd[1]: Mounted Debug File System.
[[0;32m  OK  [0m] Mounted Debug File System.
[    9.686161] systemd[1]: Started Load Kernel Modules.
[[0;32m  OK  [0m] Started Load Kernel Modules.
[    9.698134] systemd[1]: Started Uncomplicated firewall.
[[0;32m  OK  [0m] Started Uncomplicated firewall.
[    9.710198] systemd[1]: Started Create list of required static device nodes for the current kernel.
[[0;32m  OK  [0m] Started Create list of required [    9.718099] random: nonblocking pool is initialized
sta...ce nodes for the current kernel.
[    9.737853] systemd[1]: Started Set console keymap.
[[0;32m  OK  [0m] Started Set console keymap.
[    9.757264] systemd[1]: Started Remount Root and Kernel File Systems.
[[0;32m  OK  [0m] Started Remount Root and Kernel File Systems.
[    9.797788] systemd[1]: Started Journal Service.
[[0;32m  OK  [0m] Started Journal Service.
[[0;32m  OK  [0m] Started Nameserver information manager.
[[0;32m  OK  [0m] Started LVM2 metadata daemon.
         Starting Flush Journal to Persistent Storage...
         Starting Load/Save Random Seed...
         Starting udev Coldplug all Devices...
         Starting Create Static Device Nodes in /dev...
         Starting Apply Kernel Variables...
         Mounting FUSE Control File System...
[[0;32m  OK  [0m] Started Load/Save Random Seed.
[[0;32m  OK  [0m] Mounted FUSE Control File System.
[    9.888263] systemd-journald[406]: Received request to flush runtime journal from PID 1
[[0;32m  OK  [0m] Started Flush Journal to Persistent Storage.
[[0;32m  OK  [0m] Started Create Static Device Nodes in /dev.
[[0;32m  OK  [0m] Started Apply Kernel Variables.
         Starting udev Kernel Device Manager...
[[0;32m  OK  [0m] Started udev Coldplug all Devices.
[[0;32m  OK  [0m] Started udev Kernel Device Manager.
[[0;32m  OK  [0m] Started Dispatch Password Requests to Console Directory Watch.
[[0;32m  OK  [0m] Found device /dev/ttyS0.
[[0;32m  OK  [0m] Started Monitoring of LVM2 mirrors,...ng dmeventd or progress polling.
[[0;32m  OK  [0m] Reached target Local File Systems (Pre).
[[0;32m  OK  [0m] Reached target Local File Systems.
         Starting Initial cloud-init job (pre-networking)...
         Starting Set console font and keymap...
         Starting Create Volatile Files and Directories...
         Starting Tell Plymouth To Write Out Runtime Data...
         Starting Commit a transient machine-id on disk...
         Starting LSB: AppArmor initialization...
[[0;32m  OK  [0m] Started Tell Plymouth To Write Out Runtime Data.
[[0;32m  OK  [0m] Started Commit a transient machine-id on disk.
[[0;32m  OK  [0m] Started Create Volatile Files and Directories.
         Starting Update UTMP about System Boot/Shutdown...
[[0;32m  OK  [0m] Started Update UTMP about System Boot/Shutdown.
[[0;32m  OK  [0m] Listening on Load/Save RF Kill Switch Status /dev/rfkill Watch.
[[0;32m  OK  [0m] Started LSB: AppArmor initialization.
[   12.073541] cloud-init[510]: Cloud-init v. 19.3-41-gc4735dd3-0ubuntu1~16.04.1 running 'init-local' at Thu, 09 Jan 2020 14:02:05 +0000. Up 11.36 seconds.
[[0;32m  OK  [0m] Started Initial cloud-init job (pre-networking).
[[0;32m  OK  [0m] Reached target Network (Pre).
         Starting Raise network interfaces...
[[0;32m  OK  [0m] Started Set console font and keymap.
[[0;32m  OK  [0m] Created slice system-getty.slice.
[[0;32m  OK  [0m] Started Raise network interfaces.
[[0;32m  OK  [0m] Reached target Network.
         Starting Initial cloud-init job (metadata service crawler)...
[   14.491759] cloud-init[964]: Cloud-init v. 19.3-41-gc4735dd3-0ubuntu1~16.04.1 running 'init' at Thu, 09 Jan 2020 14:02:07 +0000. Up 13.18 seconds.
[   14.498161] cloud-init[964]: ci-info: ++++++++++++++++++++++++++++++++++++++Net device info+++++++++++++++++++++++++++++++++++++++
[   14.508672] cloud-init[964]: ci-info: +--------+-------+----------------------------+---------------+--------+-------------------+
[   14.511854] cloud-init[964]: ci-info: | Device |   Up  |          Address           |      Mask     | Scope  |     Hw-Address    |
[   14.517161] cloud-init[964]: ci-info: +--------+-------+----------------------------+---------------+--------+-------------------+
[   14.523378] cloud-init[964]: ci-info: | enp0s3 |  True |         10.0.2.15          | 255.255.255.0 | global | 02:bf:1c:77:ff:98 |
[   14.528572] cloud-init[964]: ci-info: | enp0s3 |  True | fe80::bf:1cff:fe77:ff98/64 |       .       |  link  | 02:bf:1c:77:ff:98 |
[   14.532514] cloud-init[964]: ci-info: | enp0s8 | False |             .              |       .       |   .    | 08:00:27:e3:a4:b9 |
[   14.553928] cloud-init[964]: ci-info: |   lo   |  True |         127.0.0.1          |   255.0.0.0   |  host  |         .         |
[   14.566988] cloud-init[964]: ci-info: |   lo   |  True |          ::1/128           |       .       |  host  |         .         |
[   14.573508] cloud-init[964]: ci-info: +--------+-------+----------------------------+---------------+--------+-------------------+
[   14.578697] cloud-init[964]: ci-info: +++++++++++++++++++++++++++Route IPv4 info++++++++++++++++++++++++++++
[   14.584277] cloud-init[964]: ci-info: +-------+-------------+----------+---------------+-----------+-------+
[   14.588400] cloud-init[964]: ci-info: | Route | Destination | Gateway  |    Genmask    | Interface | Flags |
[   14.592315] cloud-init[964]: ci-info: +-------+-------------+----------+---------------+-----------+-------+
[   14.597104] cloud-init[964]: ci-info: |   0   |   0.0.0.0   | 10.0.2.2 |    0.0.0.0    |   enp0s3  |   UG  |
[   14.604498] cloud-init[964]: ci-info: |   1   |   10.0.2.0  | 0.0.0.0  | 255.255.255.0 |   enp0s3  |   U   |
[   14.611139] cloud-init[964]: ci-info: +-------+-------------+----------+---------------+-----------+-------+
[   14.616997] cloud-init[964]: ci-info: +++++++++++++++++++Route IPv6 info+++++++++++++++++++
[   14.623197] cloud-init[964]: ci-info: +-------+-------------+---------+-----------+-------+
[   14.628720] cloud-init[964]: ci-info: | Route | Destination | Gateway | Interface | Flags |
[   14.637527] cloud-init[964]: ci-info: +-------+-------------+---------+-----------+-------+
[   14.642701] cloud-init[964]: ci-info: |   0   |  fe80::/64  |    ::   |   enp0s3  |   U   |
[   14.649387] cloud-init[964]: ci-info: |   3   |   ff00::/8  |    ::   |   enp0s3  |   U   |
[   14.656814] cloud-init[964]: ci-info: +-------+-------------+---------+-----------+-------+
[   14.664349] cloud-init[964]: Generating public/private rsa key pair.
[   14.668995] cloud-init[964]: Your identification has been saved in /etc/ssh/ssh_host_rsa_key.
[   14.676778] cloud-init[964]: Your public key has been saved in /etc/ssh/ssh_host_rsa_key.pub.
[   14.688862] cloud-init[964]: The key fingerprint is:
[   14.692733] cloud-init[964]: SHA256:+6+ScTzlJDM9yizANPEsrDRf9bM26khNoJ6tIQj/ums root@ubuntu-xenial
[   14.699455] cloud-init[964]: The key's randomart image is:
[   14.702600] cloud-init[964]: +---[RSA 2048]----+
[   14.705317] cloud-init[964]: |      ..  .      |
[   14.707906] cloud-init[964]: |     .oo . .     |
[   14.709937] cloud-init[964]: |    ooo.=  .o    |
[   14.713946] cloud-init[964]: |   . +o+ .+ =o   |
[   14.716453] cloud-init[964]: |.   . o.S+.O+.   |
[   14.722456] cloud-init[964]: | o . . oo+Bo..   |
[   14.732960] cloud-init[964]: |  o . + +=o.     |
[   14.739041] cloud-init[964]: |  E. . +o+       |
[   14.743913] cloud-init[964]: | .++. . ..+o.    |
[   14.752526] cloud-init[964]: +----[SHA256]-----+
[   14.760454] cloud-init[964]: Generating public/private dsa key pair.
[   14.768586] cloud-init[964]: Your identification has been saved in /etc/ssh/ssh_host_dsa_key.
[   14.773208] cloud-init[964]: Your public key has been saved in /etc/ssh/ssh_host_dsa_key.pub.
[   14.780620] cloud-init[964]: The key fingerprint is:
[   14.784784] cloud-init[964]: SHA256:hkLmJqEJFkwpWDDAHjlnMWjbxwhe2tnAp6fMNZb3R8k root@ubuntu-xenial
[   14.790184] cloud-init[964]: The key's randomart image is:
[   14.792755] cloud-init[964]: +---[DSA 1024]----+
[   14.795098] cloud-init[964]: |X=*o.            |
[   14.798322] cloud-init[964]: |o%.*..           |
[   14.801591] cloud-init[964]: |*.& @ .   . .    |
[   14.805583] cloud-init[964]: |oB @ X o   E     |
[   14.807526] cloud-init[964]: |o + X + S .      |
[   14.808934] cloud-init[964]: |   * . . . .     |
[   14.810802] cloud-init[964]: |          .      |
[   14.813332] cloud-init[964]: |                 |
[   14.816690] cloud-init[964]: |                 |
[   14.818536] cloud-init[964]: +----[SHA256]-----+
[   14.820335] cloud-init[964]: Generating public/private ecdsa key pair.
[   14.824456] cloud-init[964]: Your identification has been saved in /etc/ssh/ssh_host_ecdsa_key.
[   14.828581] cloud-init[964]: Your public key has been saved in /etc/ssh/ssh_host_ecdsa_key.pub.
[   14.832574] cloud-init[964]: The key fingerprint is:
[   14.840834] cloud-init[964]: SHA256:Cwsj4Ow/Srtiikx6dU/5hAirugv+eq7kt1Q3vLkb53o root@ubuntu-xenial
[   14.845635] cloud-init[964]: The key's randomart image is:
[   14.848348] cloud-init[964]: +---[ECDSA 256]---+
[   14.850915] cloud-init[964]: |                 |
[   14.853871] cloud-init[964]: |                 |
[   14.855985] cloud-init[964]: |.                |
[   14.858251] cloud-init[964]: |o.  . .          |
[   14.859493] cloud-init[964]: | o. o+.=So       |
[   14.862650] cloud-init[964]: |.  .+o+oB..      |
[   14.865043] cloud-init[964]: |.= + ..*.+       |
[   14.867875] cloud-init[964]: |%.*+    *E.      |
[   14.869463] cloud-init[964]: |@#X=o  ++.       |
[   14.871268] cloud-init[964]: +----[SHA256]-----+
[   14.873450] cloud-init[964]: Generating public/private ed25519 key pair.
[   14.875585] cloud-init[964]: Your identification has been saved in /etc/ssh/ssh_host_ed25519_key.
[   14.879715] cloud-init[964]: Your public key has been saved in /etc/ssh/ssh_host_ed25519_key.pub.
[   14.883667] cloud-init[964]: The key fingerprint is:
[   14.886363] cloud-init[964]: SHA256:Q9eyK3onxwb6UrkryIiJTiABAIBriv+i6zhGr/PAhBw root@ubuntu-xenial
[   14.890284] cloud-init[964]: The key's randomart image is:
[   14.893587] cloud-init[964]: +--[ED25519 256]--+
[   14.895675] cloud-init[964]: |X                |
[   14.898281] cloud-init[964]: |o          .     |
[   14.900797] cloud-init[964]: |.E      . o .    |
[   14.903157] cloud-init[964]: |+o.    . . o     |
[   14.903651] cloud-init[964]: |Bo      S..      |
[   14.904613] cloud-init[964]: |B.      +. .     |
[[0;32m  OK  [0m] Started Initial cloud-init job (metadata service crawler).
[   14.908271] cloud-init[964]: |oB.o . o.+.      |
[[0;32m  OK  [0m] Reached target System Initialization.
[   14.914856] cloud-init[964]: |Bo=.o +.+.=      |
[   14.923068] cloud-init[964]: |BB++. .=o*       |
[   14.923513] cloud-init[964]: +----[SHA256]-----+
[[0;32m  OK  [0m] Listening on D-Bus System Message Bus Socket.
[[0;32m  OK  [0m] Started Message of the Day.
[[0;32m  OK  [0m] Started Daily apt download activities.
[[0;32m  OK  [0m] Started Daily apt upgrade and clean activities.
[[0;32m  OK  [0m] Listening on ACPID Listen Socket.
[[0;32m  OK  [0m] Started ACPI Events Check.
[[0;32m  OK  [0m] Reached target Paths.
[[0;32m  OK  [0m] Listening on UUID daemon activation socket.
         Starting Socket activation for snappy daemon.
[[0;32m  OK  [0m] Started Daily Cleanup of Temporary Directories.
[[0;32m  OK  [0m] Reached target Timers.
         Starting LXD - unix socket.
[[0;32m  OK  [0m] Reached target Network is Online.
         Starting iSCSI initiator daemon (iscsid)...
[[0;32m  OK  [0m] Reached target Cloud-config availability.
[[0;32m  OK  [0m] Listening on Socket activation for snappy daemon.
[[0;32m  OK  [0m] Listening on LXD - unix socket.
[[0;32m  OK  [0m] Reached target Sockets.
[[0;32m  OK  [0m] Reached target Basic System.
         Starting Virtualbox guest utils...
[[0;32m  OK  [0m] Started D-Bus System Message Bus.
         Starting LXD - container startup/shutdown...
         Starting Pollinate to seed the pseudo random number generator...
         Starting Accounts Service...
         Starting System Logging Service...
[[0;32m  OK  [0m] Started FUSE filesystem for LXC.
         Starting Snappy daemon...
         Starting /etc/rc.local Compatibility...
         Starting LSB: Record successful boot for GRUB...
[[0;32m  OK  [0m] Started Regular background program processing daemon.
[[0;32m  OK  [0m] Started Deferred execution scheduler.
         Starting Login Service...
         Starting LSB: MD monitoring daemon...
[[0;32m  OK  [0m] Started ACPI event daemon.
[[0;32m  OK  [0m] Started System Logging Service.
[[0;32m  OK  [0m] Started iSCSI initiator daemon (iscsid).
[[0;32m  OK  [0m] Started /etc/rc.local Compatibility.
         Starting Login to default iSCSI targets...
[[0;32m  OK  [0m] Started Login Service.
[[0;32m  OK  [0m] Started Unattended Upgrades Shutdown.
[[0;32m  OK  [0m] Started LSB: Record successful boot for GRUB.
[[0;32m  OK  [0m] Started Login to default iSCSI targets.
[[0;32m  OK  [0m] Reached target Remote File Systems (Pre).
[[0;32m  OK  [0m] Reached target Remote File Systems.
         Starting LSB: automatic crash report generation...
         Starting LSB: daemon to balance interrupts for SMP systems...
         Starting Permit User Sessions...
         Starting LSB: Set the CPU Frequency Scaling governor to "ondemand"...
         Starting Authenticate and Authorize Users to Run Privileged Tasks...
[[0;32m  OK  [0m] Started LSB: MD monitoring daemon.
[[0;32m  OK  [0m] Started Permit User Sessions.
         Starting Terminate Plymouth Boot Screen...
         Starting Hold until boot process finishes up...
[[0;32m  OK  [0m] Started LXD - container startup/shutdown.
[[0;32m  OK  [0m] Started Terminate Plymouth Boot Screen.
[[0;32m  OK  [0m] Started Hold until boot process finishes up.
         Starting Set console scheme...
[[0;32m  OK  [0m] Started Serial Getty on ttyS0.
[[0;32m  OK  [0m] Started Getty on tty1.
[[0;32m  OK  [0m] Reached target Login Prompts.
[[0;32m  OK  [0m] Started LSB: Set the CPU Frequency Scaling governor to "ondemand".
[[0;32m  OK  [0m] Started Set console scheme.
[[0;32m  OK  [0m] Started Authenticate and Authorize Users to Run Privileged Tasks.
[[0;32m  OK  [0m] Started Accounts Service.
[[0;32m  OK  [0m] Started LSB: daemon to balance interrupts for SMP systems.
[[0;32m  OK  [0m] Started LSB: automatic crash report generation.
[[0;32m  OK  [0m] Started Virtualbox guest utils.
[[0;32m  OK  [0m] Started Snappy daemon.
         Starting Wait until snapd is fully seeded...
[[0;32m  OK  [0m] Started Pollinate to seed the pseudo random number generator.
         Starting OpenBSD Secure Shell server...
[[0;32m  OK  [0m] Started OpenBSD Secure Shell server.
[[0;32m  OK  [0m] Created slice User Slice of vagrant.
         Starting User Manager for UID 1000...
[[0;32m  OK  [0m] Started Session 1 of user vagrant.
[[0;32m  OK  [0m] Started User Manager for UID 1000.
[[0;32m  OK  [0m] Started Wait until snapd is fully seeded.
         Starting Apply the settings specified in cloud-config...
[[0;32m  OK  [0m] Reached target Multi-User System.
[[0;32m  OK  [0m] Reached target Graphical Interface.
         Starting Update UTMP about System Runlevel Changes...
[[0;32m  OK  [0m] Started Update UTMP about System Runlevel Changes.
[   20.147822] cloud-init[1391]: Generating locales (this might take a while)...

Ubuntu 16.04.6 LTS ubuntu-xenial ttyS0

ubuntu-xenial login: [   22.945313] cloud-init[1391]:   en_US.UTF-8... done
[   22.948872] cloud-init[1391]: Generation complete.
[   24.177879] cloud-init[1391]: Cloud-init v. 19.3-41-gc4735dd3-0ubuntu1~16.04.1 running 'modules:config' at Thu, 09 Jan 2020 14:02:13 +0000. Up 19.86 seconds.
ci-info: no authorized ssh keys fingerprints found for user ubuntu.
<14>Jan  9 14:02:19 ec2: 
<14>Jan  9 14:02:19 ec2: #############################################################
<14>Jan  9 14:02:19 ec2: -----BEGIN SSH HOST KEY FINGERPRINTS-----
<14>Jan  9 14:02:19 ec2: 1024 SHA256:hkLmJqEJFkwpWDDAHjlnMWjbxwhe2tnAp6fMNZb3R8k root@ubuntu-xenial (DSA)
<14>Jan  9 14:02:19 ec2: 256 SHA256:Cwsj4Ow/Srtiikx6dU/5hAirugv+eq7kt1Q3vLkb53o root@ubuntu-xenial (ECDSA)
<14>Jan  9 14:02:19 ec2: 256 SHA256:Q9eyK3onxwb6UrkryIiJTiABAIBriv+i6zhGr/PAhBw root@ubuntu-xenial (ED25519)
<14>Jan  9 14:02:19 ec2: 2048 SHA256:+6+ScTzlJDM9yizANPEsrDRf9bM26khNoJ6tIQj/ums root@ubuntu-xenial (RSA)
<14>Jan  9 14:02:19 ec2: -----END SSH HOST KEY FINGERPRINTS-----
<14>Jan  9 14:02:19 ec2: #############################################################
-----BEGIN SSH HOST KEY KEYS-----
ecdsa-sha2-nistp256 AAAAE2VjZHNhLXNoYTItbmlzdHAyNTYAAAAIbmlzdHAyNTYAAABBBKsg5wBPDIVePtGjjsYsXjL5sKGgfzW5eEcAF4808v5MaNQ57986aDhrr13E2l6+lfioo12JdvICrrIirLlCY4c= root@ubuntu-xenial
ssh-ed25519 AAAAC3NzaC1lZDI1NTE5AAAAIEnTpf/NBILHOWWqpyP9juSwyPoh9M4yyam0pn6ao7Fw root@ubuntu-xenial
ssh-rsa AAAAB3NzaC1yc2EAAAADAQABAAABAQC0eXbCju69w2lKGn33XJ04tx5/8UYCN+pLvMjzi9t7U0O5pd5R5z7c8pUevSPXVwyvv0xbGDuihW4yC6oxc5tBsQEn0fTUeZZwUdxr8R98IxBIMOyCdI+VzNkqADXBar0Vsd6cPrso3iQKJlt4dWei56O7xIQbLsEskjfk2I5PsXvwVHABb4I45K0KQK4zTcARuRdAByPczHABTCuyWzlweeBJqE9Q4v4TEv/0qCoWQIDYKBVt0B4Lmw82YeBA5gLy7emkvuIH87XmBr5ki1Vp4ZYddF/EsFfenVDFpounUMbbiHTZgcI++gUnWSzJo0vv9W4SsEzRWo3Kp0pTqKFf root@ubuntu-xenial
-----END SSH HOST KEY KEYS-----
[   25.571293] cloud-init[1813]: Cloud-init v. 19.3-41-gc4735dd3-0ubuntu1~16.04.1 running 'modules:final' at Thu, 09 Jan 2020 14:02:19 +0000. Up 25.18 seconds.
[   25.574401] cloud-init[1813]: ci-info: no authorized ssh keys fingerprints found for user ubuntu.
[   25.574785] cloud-init[1813]: Cloud-init v. 19.3-41-gc4735dd3-0ubuntu1~16.04.1 finished at Thu, 09 Jan 2020 14:02:19 +0000. Datasource DataSourceNoCloud [seed=/dev/sdb][dsmode=net].  Up 25.55 seconds
